<?xml version="1.0" encoding="UTF-8"?>
<!-- Generated by org.testng.reporters.JUnitXMLReporter -->
<testsuite hostname="DESKTOP-14TN800" ignored="0" name="Regression" tests="4" failures="0" timestamp="2021-05-25T13:30:18 IST" time="0.107" errors="0">
  <testcase name="f1" time="0.009" classname="TestMavenFunctions.MavenJava.RegressionTest"/>
  <testcase name="f1" time="0.001" classname="TestMavenFunctions.MavenJava.OneTest"/>
  <testcase name="f2" time="0.001" classname="TestMavenFunctions.MavenJava.OneTest"/>
  <testcase name="f1" time="0.001" classname="TestMavenFunctions.MavenJava.SeleniumTest"/>
</testsuite> <!-- Regression -->
